wksecurity/build/intermediates/manifest_merge_blame_file/release/processReleaseManifest/manifest-merger-blame-release-report.txt
1<?xml version="1.0" encoding="utf-8"?>
2<manifest xmlns:android="http://schemas.android.com/apk/res/android"
3    package="com.chat.security" >
4
5    <uses-sdk android:minSdkVersion="21" />
6
7    <application>
7-->src/main/AndroidManifest.xml:3:5-10:19
8        <activity
8-->src/main/AndroidManifest.xml:4:9-6:40
9            android:name="com.chat.security.ui.SecurityHomeActivity"
9-->src/main/AndroidManifest.xml:5:13-52
10            android:exported="false" />
10-->src/main/AndroidManifest.xml:6:13-37
11        <activity
11-->src/main/AndroidManifest.xml:7:9-9:40
12            android:name="com.chat.security.ui.DestroyAccountActivity"
12-->src/main/AndroidManifest.xml:8:13-54
13            android:exported="false" />
13-->src/main/AndroidManifest.xml:9:13-37
14    </application>
15
16</manifest>